<?xml version="1.0" encoding="UTF-8"?>
<!-- Generated by org.testng.reporters.JUnitReportReporter -->
<testsuite hostname="CBR-LAP-DEL3221" failures="0" tests="4" name="com.lnx.tests.TC_lnx_addLead" time="23.652" errors="0" timestamp="2021-04-12T12:35:26 IST" skipped="0">
  <testcase classname="com.lnx.tests.TC_lnx_addLead" name="navigateToLoginScreen" time="3.655"/>
  <system-out/>
  <testcase classname="com.lnx.tests.TC_lnx_addLead" name="loginToLennox" time="5.561"/>
  <system-out/>
  <testcase classname="com.lnx.tests.TC_lnx_addLead" name="menuNavigation" time="9.218"/>
  <system-out/>
  <testcase classname="com.lnx.tests.TC_lnx_addLead" name="addLeadandSave" time="5.218"/>
  <system-out/>
</testsuite> <!-- com.lnx.tests.TC_lnx_addLead -->
